INFO:__main__:======================================================================
INFO:__main__:COLLECTING PRICE DATA FOR ALL CRYPTOCURRENCIES
INFO:__main__:======================================================================
INFO:__main__:Total cryptocurrencies: 3500
INFO:__main__:This will take approximately 87 minutes
INFO:__main__:======================================================================

INFO:__main__:Progress: 50/3500 (1.4%)
INFO:__main__:  Added: 0, Skipped: 49, Errors: 0
INFO:__main__:Progress: 100/3500 (2.9%)
INFO:__main__:  Added: 0, Skipped: 99, Errors: 0
INFO:__main__:Progress: 150/3500 (4.3%)
INFO:__main__:  Added: 0, Skipped: 149, Errors: 0
WARNING:collectors.api_client:Rate limit exceeded, waiting 60 seconds...
INFO:__main__:Progress: 200/3500 (5.7%)
INFO:__main__:  Added: 6, Skipped: 193, Errors: 0
WARNING:collectors.api_client:Rate limit exceeded, waiting 60 seconds...
WARNING:collectors.api_client:Rate limit exceeded, waiting 60 seconds...
WARNING:collectors.api_client:Rate limit exceeded, waiting 60 seconds...
WARNING:collectors.api_client:Rate limit exceeded, waiting 60 seconds...
WARNING:collectors.api_client:Rate limit exceeded, waiting 60 seconds...
WARNING:collectors.api_client:Rate limit exceeded, waiting 60 seconds...
Traceback (most recent call last):
  File "/Users/michaelsmerconish/Library/Python/3.9/lib/python/site-packages/sqlalchemy/engine/base.py", line 1134, in _commit_impl
    self.engine.dialect.do_commit(self.connection)
  File "/Users/michaelsmerconish/Library/Python/3.9/lib/python/site-packages/sqlalchemy/engine/default.py", line 695, in do_commit
    dbapi_connection.commit()
sqlite3.OperationalError: database is locked

The above exception was the direct cause of the following exception:

Traceback (most recent call last):
  File "/Users/michaelsmerconish/Desktop/RandomCode/FlaskProject/scripts/collect_all_price_data.py", line 130, in <module>
    main()
  File "/Users/michaelsmerconish/Desktop/RandomCode/FlaskProject/scripts/collect_all_price_data.py", line 103, in main
    db.session.commit()
  File "/Users/michaelsmerconish/Library/Python/3.9/lib/python/site-packages/sqlalchemy/orm/scoping.py", line 597, in commit
    return self._proxied.commit()
  File "/Users/michaelsmerconish/Library/Python/3.9/lib/python/site-packages/sqlalchemy/orm/session.py", line 1972, in commit
    trans.commit(_to_root=True)
  File "<string>", line 2, in commit
  File "/Users/michaelsmerconish/Library/Python/3.9/lib/python/site-packages/sqlalchemy/orm/state_changes.py", line 139, in _go
    ret_value = fn(self, *arg, **kw)
  File "/Users/michaelsmerconish/Library/Python/3.9/lib/python/site-packages/sqlalchemy/orm/session.py", line 1264, in commit
    trans.commit()
  File "/Users/michaelsmerconish/Library/Python/3.9/lib/python/site-packages/sqlalchemy/engine/base.py", line 2611, in commit
    self._do_commit()
  File "/Users/michaelsmerconish/Library/Python/3.9/lib/python/site-packages/sqlalchemy/engine/base.py", line 2716, in _do_commit
    self._connection_commit_impl()
  File "/Users/michaelsmerconish/Library/Python/3.9/lib/python/site-packages/sqlalchemy/engine/base.py", line 2687, in _connection_commit_impl
    self.connection._commit_impl()
  File "/Users/michaelsmerconish/Library/Python/3.9/lib/python/site-packages/sqlalchemy/engine/base.py", line 1136, in _commit_impl
    self._handle_dbapi_exception(e, None, None, None, None)
  File "/Users/michaelsmerconish/Library/Python/3.9/lib/python/site-packages/sqlalchemy/engine/base.py", line 2335, in _handle_dbapi_exception
    raise sqlalchemy_exception.with_traceback(exc_info[2]) from e
  File "/Users/michaelsmerconish/Library/Python/3.9/lib/python/site-packages/sqlalchemy/engine/base.py", line 1134, in _commit_impl
    self.engine.dialect.do_commit(self.connection)
  File "/Users/michaelsmerconish/Library/Python/3.9/lib/python/site-packages/sqlalchemy/engine/default.py", line 695, in do_commit
    dbapi_connection.commit()
sqlalchemy.exc.OperationalError: (sqlite3.OperationalError) database is locked
(Background on this error at: https://sqlalche.me/e/20/e3q8)
